#
# There is insufficient memory for the Java Runtime Environment to continue.
# Native memory allocation (malloc) failed to allocate 1048576 bytes for AllocateHeap
# Possible reasons:
#   The system is out of physical RAM or swap space
#   The process is running with CompressedOops enabled, and the Java Heap may be blocking the growth of the native heap
# Possible solutions:
#   Reduce memory load on the system
#   Increase physical memory or swap space
#   Check if swap backing store is full
#   Decrease Java heap size (-Xmx/-Xms)
#   Decrease number of Java threads
#   Decrease Java thread stack sizes (-Xss)
#   Set larger code cache with -XX:ReservedCodeCacheSize=
#   JVM is running with Unscaled Compressed Oops mode in which the Java heap is
#     placed in the first 4GB address space. The Java Heap base address is the
#     maximum limit for the native heap growth. Please use -XX:HeapBaseMinAddress
#     to set the Java Heap base and to place the Java Heap above 4GB virtual address.
# This output file may be truncated or incomplete.
#
#  Out of Memory Error (allocation.cpp:44), pid=42896, tid=17456
#
# JRE version:  (17.0.9+7) (build )
# Java VM: OpenJDK 64-Bit Server VM (17.0.9+7-b1087.7, mixed mode, sharing, tiered, compressed oops, compressed class ptrs, g1 gc, windows-amd64)
# No core dump will be written. Minidumps are not enabled by default on client versions of Windows
#

---------------  S U M M A R Y ------------

Command Line: git4idea.http.GitAskPassApp Username for 'https://github.com': 

Host: 11th Gen Intel(R) Core(TM) i5-11400H @ 2.70GHz, 12 cores, 7G,  Windows 11 , 64 bit Build 22621 (10.0.22621.3085)
Time: Sat Feb 24 22:39:32 2024  Windows 11 , 64 bit Build 22621 (10.0.22621.3085) elapsed time: 0.023910 seconds (0d 0h 0m 0s)

---------------  T H R E A D  ---------------

Current thread (0x000001cc798add90):  JavaThread "Unknown thread" [_thread_in_vm, id=17456, stack(0x000000c13c900000,0x000000c13ca00000)]

Stack: [0x000000c13c900000,0x000000c13ca00000]
Native frames: (J=compiled Java code, j=interpreted, Vv=VM code, C=native code)
V  [jvm.dll+0x6886e9]
V  [jvm.dll+0x841e4a]
V  [jvm.dll+0x843a8e]
V  [jvm.dll+0x8440f3]
V  [jvm.dll+0x24c14f]
V  [jvm.dll+0xa6b5b]
V  [jvm.dll+0x2de924]
V  [jvm.dll+0x8129bc]
V  [jvm.dll+0x3720c1]
V  [jvm.dll+0x7f152c]
V  [jvm.dll+0x3f5d4f]
V  [jvm.dll+0x3f7981]
C  [jli.dll+0x528f]
C  [ucrtbase.dll+0x29363]
C  [KERNEL32.DLL+0x1257d]
C  [ntdll.dll+0x5aa58]


---------------  P R O C E S S  ---------------

Threads class SMR info:
_java_thread_list=0x00007ffc8d6cef18, length=0, elements={
}

Java Threads: ( => current thread )

Other Threads:

=>0x000001cc798add90 (exited) JavaThread "Unknown thread" [_thread_in_vm, id=17456, stack(0x000000c13c900000,0x000000c13ca00000)]

Threads with active compile tasks:

VM state: not at safepoint (not fully initialized)

VM Mutex/Monitor currently owned by a thread: None

Heap address: 0x0000000000000000, size: 0 MB, Compressed Oops mode: 32-bit

CDS archive(s) mapped at: [0x0000000000000000-0x0000000000000000-0x0000000000000000), size 0, SharedBaseAddress: 0x0000000800000000, ArchiveRelocationMode: 1.
Narrow klass base: 0x0000000000000000, Narrow klass shift: 0, Narrow klass range: 0x0

GC Precious Log:
<Empty>

GC Heap History (0 events):
No events

Dll operation events (1 events):
Event: 0.017 Loaded shared library D:\JetBrains\IntelliJ IDEA 2023.3\jbr\bin\java.dll

Deoptimization events (0 events):
No events

Classes unloaded (0 events):
No events

Classes redefined (0 events):
No events

Internal exceptions (0 events):
No events

VM Operations (0 events):
No events

Events (0 events):
No events


Dynamic libraries:
0x00007ff700e90000 - 0x00007ff700e9a000 	D:\JetBrains\IntelliJ IDEA 2023.3\jbr\bin\java.exe
0x00007ffceac70000 - 0x00007ffceae87000 	C:\WINDOWS\SYSTEM32\ntdll.dll
0x00007ffcea720000 - 0x00007ffcea7e4000 	C:\WINDOWS\System32\KERNEL32.DLL
0x00007ffce8430000 - 0x00007ffce87d6000 	C:\WINDOWS\System32\KERNELBASE.dll
0x00007ffce81c0000 - 0x00007ffce82d1000 	C:\WINDOWS\System32\ucrtbase.dll
0x00007ffcd5f40000 - 0x00007ffcd5f57000 	D:\JetBrains\IntelliJ IDEA 2023.3\jbr\bin\jli.dll
0x00007ffccf710000 - 0x00007ffccf72b000 	D:\JetBrains\IntelliJ IDEA 2023.3\jbr\bin\VCRUNTIME140.dll
0x00007ffcea830000 - 0x00007ffcea9de000 	C:\WINDOWS\System32\USER32.dll
0x00007ffce82e0000 - 0x00007ffce8306000 	C:\WINDOWS\System32\win32u.dll
0x00007ffcea800000 - 0x00007ffcea829000 	C:\WINDOWS\System32\GDI32.dll
0x00007ffce8310000 - 0x00007ffce8428000 	C:\WINDOWS\System32\gdi32full.dll
0x00007ffce7fb0000 - 0x00007ffce804a000 	C:\WINDOWS\System32\msvcp_win.dll
0x00007ffcd0ed0000 - 0x00007ffcd1163000 	C:\WINDOWS\WinSxS\amd64_microsoft.windows.common-controls_6595b64144ccf1df_6.0.22621.2506_none_270c5ae97388e100\COMCTL32.dll
0x00007ffce9ac0000 - 0x00007ffce9b67000 	C:\WINDOWS\System32\msvcrt.dll
0x00007ffce8b20000 - 0x00007ffce8b51000 	C:\WINDOWS\System32\IMM32.DLL
0x0000000058040000 - 0x000000005804c000 	C:\Program Files (x86)\360\Total Security\safemon\SafeWrapper.dll
0x00007ffceaa70000 - 0x00007ffceab23000 	C:\WINDOWS\System32\ADVAPI32.dll
0x00007ffce9ef0000 - 0x00007ffce9f98000 	C:\WINDOWS\System32\sechost.dll
0x00007ffce8050000 - 0x00007ffce8078000 	C:\WINDOWS\System32\bcrypt.dll
0x00007ffcea5a0000 - 0x00007ffcea6b7000 	C:\WINDOWS\System32\RPCRT4.dll
0x00007ffc7b530000 - 0x00007ffc7b5c2000 	C:\Program Files (x86)\360\Total Security\safemon\libzdtp64.dll
0x00007ffce8c40000 - 0x00007ffce949b000 	C:\WINDOWS\System32\SHELL32.dll
0x00007ffcea6c0000 - 0x00007ffcea71e000 	C:\WINDOWS\System32\SHLWAPI.dll
0x00007ffce7a30000 - 0x00007ffce7a3a000 	C:\WINDOWS\SYSTEM32\VERSION.dll
0x00007ffcde270000 - 0x00007ffcde27c000 	D:\JetBrains\IntelliJ IDEA 2023.3\jbr\bin\vcruntime140_1.dll
0x00007ffca5e90000 - 0x00007ffca5f1d000 	D:\JetBrains\IntelliJ IDEA 2023.3\jbr\bin\msvcp140.dll
0x00007ffc8cb90000 - 0x00007ffc8d813000 	D:\JetBrains\IntelliJ IDEA 2023.3\jbr\bin\server\jvm.dll
0x00007ffcde890000 - 0x00007ffcde8c4000 	C:\WINDOWS\SYSTEM32\WINMM.dll
0x00007ffce6d90000 - 0x00007ffce6ddd000 	C:\WINDOWS\SYSTEM32\POWRPROF.dll
0x00007ffcc55a0000 - 0x00007ffcc55a9000 	C:\WINDOWS\SYSTEM32\WSOCK32.dll
0x00007ffcea9e0000 - 0x00007ffceaa51000 	C:\WINDOWS\System32\WS2_32.dll
0x00007ffce6d70000 - 0x00007ffce6d83000 	C:\WINDOWS\SYSTEM32\UMPDC.dll
0x00007ffce7030000 - 0x00007ffce7048000 	C:\WINDOWS\SYSTEM32\kernel.appcore.dll
0x00007ffce08b0000 - 0x00007ffce08ba000 	D:\JetBrains\IntelliJ IDEA 2023.3\jbr\bin\jimage.dll
0x00007ffce5830000 - 0x00007ffce5a63000 	C:\WINDOWS\SYSTEM32\DBGHELP.DLL
0x00007ffce9730000 - 0x00007ffce9ab9000 	C:\WINDOWS\System32\combase.dll
0x00007ffce9c10000 - 0x00007ffce9ce7000 	C:\WINDOWS\System32\OLEAUT32.dll
0x00007ffcb8610000 - 0x00007ffcb8642000 	C:\WINDOWS\SYSTEM32\dbgcore.DLL
0x00007ffce8080000 - 0x00007ffce80fa000 	C:\WINDOWS\System32\bcryptPrimitives.dll
0x00007ffcd61a0000 - 0x00007ffcd61c5000 	D:\JetBrains\IntelliJ IDEA 2023.3\jbr\bin\java.dll

dbghelp: loaded successfully - version: 4.0.5 - missing functions: none
symbol engine: initialized successfully - sym options: 0x614 - pdb path: .;D:\JetBrains\IntelliJ IDEA 2023.3\jbr\bin;C:\WINDOWS\SYSTEM32;C:\WINDOWS\WinSxS\amd64_microsoft.windows.common-controls_6595b64144ccf1df_6.0.22621.2506_none_270c5ae97388e100;C:\Program Files (x86)\360\Total Security\safemon;D:\JetBrains\IntelliJ IDEA 2023.3\jbr\bin\server

VM Arguments:
java_command: git4idea.http.GitAskPassApp Username for 'https://github.com': 
java_class_path (initial): D:/JetBrains/IntelliJ IDEA 2023.3/plugins/vcs-git/lib/git4idea-rt.jar;D:/JetBrains/IntelliJ IDEA 2023.3/lib/externalProcess-rt.jar
Launcher Type: SUN_STANDARD

[Global flags]
     intx CICompilerCount                          = 4                                         {product} {ergonomic}
     uint ConcGCThreads                            = 3                                         {product} {ergonomic}
     uint G1ConcRefinementThreads                  = 10                                        {product} {ergonomic}
   size_t G1HeapRegionSize                         = 1048576                                   {product} {ergonomic}
    uintx GCDrainStackTargetSize                   = 64                                        {product} {ergonomic}
   size_t InitialHeapSize                          = 130023424                                 {product} {ergonomic}
   size_t MarkStackSize                            = 4194304                                   {product} {ergonomic}
   size_t MaxHeapSize                              = 2080374784                                {product} {ergonomic}
   size_t MinHeapDeltaBytes                        = 1048576                                   {product} {ergonomic}
   size_t MinHeapSize                              = 8388608                                   {product} {ergonomic}
    uintx NonNMethodCodeHeapSize                   = 5839372                                {pd product} {ergonomic}
    uintx NonProfiledCodeHeapSize                  = 122909434                              {pd product} {ergonomic}
    uintx ProfiledCodeHeapSize                     = 122909434                              {pd product} {ergonomic}
    uintx ReservedCodeCacheSize                    = 251658240                              {pd product} {ergonomic}
     bool SegmentedCodeCache                       = true                                      {product} {ergonomic}
   size_t SoftMaxHeapSize                          = 2080374784                             {manageable} {ergonomic}
     bool UseCompressedClassPointers               = true                           {product lp64_product} {ergonomic}
     bool UseCompressedOops                        = true                           {product lp64_product} {ergonomic}
     bool UseG1GC                                  = true                                      {product} {ergonomic}
     bool UseLargePagesIndividualAllocation        = false                                  {pd product} {ergonomic}

Logging:
Log output configuration:
 #0: stdout all=warning uptime,level,tags
 #1: stderr all=off uptime,level,tags

Environment Variables:
PATH=D:\Git\mingw64\libexec\git-core;D:\Git\mingw64\libexec\git-core;D:\Git\mingw64\bin;D:\Git\usr\bin;C:\Users\Note\bin;C:\Users\Note\AppData\Local\Programs\Python\Python312\Scripts;C:\Program Files\Microsoft\jdk-11.0.16.101-hotspot\bin;C:\Program Files (x86)\Common Files\Oracle\Java\javapath;C:\ProgramData\Oracle\Java\javapath;C:\WINDOWS\system32;C:\WINDOWS;C:\WINDOWS\System32\Wbem;C:\WINDOWS\System32\WindowsPowerShell\v1.0;C:\WINDOWS\System32\OpenSSH;C:\Users\Note\AppData\Local\Programs\Python\Python310;C:\Users\Note\AppData\Local\Programs\Python\Python310\Scripts;C:\Program Files (x86)\Windows Kits\10\Windows Performance Toolkit;C:\Program Files (x86)\NVIDIA Corporation\PhysX\Common;C:\Program Files\NVIDIA Corporation\NVIDIA NvDLISR;D:\Git\cmd;C:\Program Files\dotnet;C:\Users\Note\AppData\Local\Programs\Python\Launcher;C:\Users\Note\AppData\Local\Microsoft\WindowsApps;D:\Microsoft VS Code\bin;D:\xampp\php;D:\JetBrains\IntelliJ IDEA 2023.3\bin;D:\phython\PyCharm 2023.3\bin
USERNAME=Note
DISPLAY=:0.0
LC_ALL=en_US.UTF-8
TERM=xterm-256color
TMPDIR=C:\Users\Note\AppData\Local\Temp
OS=Windows_NT
PROCESSOR_IDENTIFIER=Intel64 Family 6 Model 141 Stepping 1, GenuineIntel
TMP=C:\Users\Note\AppData\Local\Temp
TEMP=C:\Users\Note\AppData\Local\Temp



Periodic native trim disabled

JNI global refs:
JNI global refs: 0, weak refs: 0

JNI global refs memory usage: 0, weak refs: 0

OOME stack traces (most recent first):
Classloader memory used:


---------------  S Y S T E M  ---------------

OS:
 Windows 11 , 64 bit Build 22621 (10.0.22621.3085)
OS uptime: 4 days 0:20 hours
Hyper-V role detected

CPU: total 12 (initial active 12) (6 cores per cpu, 2 threads per core) family 6 model 141 stepping 1 microcode 0x34, cx8, cmov, fxsr, ht, mmx, 3dnowpref, sse, sse2, sse3, ssse3, sse4.1, sse4.2, popcnt, lzcnt, tsc, tscinvbit, avx, avx2, aes, erms, clmul, bmi1, bmi2, adx, avx512f, avx512dq, avx512cd, avx512bw, avx512vl, sha, fma, vzeroupper, avx512_vpopcntdq, avx512_vpclmulqdq, avx512_vaes, avx512_vnni, clflush, clflushopt, clwb, avx512_vbmi2, avx512_vbmi, hv
Processor Information for all 12 processors :
  Max Mhz: 2688, Current Mhz: 2688, Mhz Limit: 2688

Memory: 4k page, system-wide physical 7930M (137M free)
TotalPageFile size 32506M (AvailPageFile size 6M)
current process WorkingSet (physical memory assigned to process): 11M, peak: 11M
current process commit charge ("private bytes"): 11M, peak: 12M

vm_info: OpenJDK 64-Bit Server VM (17.0.9+7-b1087.7) for windows-amd64 JRE (17.0.9+7-b1087.7), built on 2023-11-17 by "builduser" with MS VC++ 16.10 / 16.11 (VS2019)

END.
